<?xml version="1.0" encoding="UTF-8"?>
<robot generator="Robot 7.0 (Python 3.12.3 on win32)" generated="2024-05-28T16:36:35.700647" rpa="false" schemaversion="5">
<suite id="s1" name="Test" source="C:\Python\Seatbelt_Test3\Test\Test.robot">
<test id="s1-t1" name="Test Seatbelt Alerts" line="6">
<kw name="Unfasten Seatbelt" owner="Test_seatbelt">
<status status="PASS" start="2024-05-28T16:36:35.936708" elapsed="0.009859"/>
</kw>
<kw name="Is Light Indicator Red" owner="Test_seatbelt">
<msg time="2024-05-28T16:36:35.947567" level="INFO">${light_red} = True</msg>
<var>${light_red}</var>
<status status="PASS" start="2024-05-28T16:36:35.946567" elapsed="0.001510"/>
</kw>
<kw name="Is Sound Alarm On" owner="Test_seatbelt">
<msg time="2024-05-28T16:36:35.952094" level="INFO">${sound_on} = True</msg>
<var>${sound_on}</var>
<status status="PASS" start="2024-05-28T16:36:35.952094" elapsed="0.000000"/>
</kw>
<kw name="Should Be True" owner="BuiltIn">
<arg>${light_red}</arg>
<arg>The warning light should flash red when the belt is unfastened.</arg>
<doc>Fails if the given condition is not true.</doc>
<status status="PASS" start="2024-05-28T16:36:35.952094" elapsed="0.000996"/>
</kw>
<kw name="Should Be True" owner="BuiltIn">
<arg>${sound_on}</arg>
<arg>The audible alarm must be activated when the belt is unfastened.</arg>
<doc>Fails if the given condition is not true.</doc>
<status status="PASS" start="2024-05-28T16:36:35.954088" elapsed="0.001001"/>
</kw>
<kw name="Fasten Seatbelt" owner="Test_seatbelt">
<status status="PASS" start="2024-05-28T16:36:35.957901" elapsed="0.000507"/>
</kw>
<kw name="Is Light Indicator Green" owner="Test_seatbelt">
<msg time="2024-05-28T16:36:35.958408" level="INFO">${light_green} = True</msg>
<var>${light_green}</var>
<status status="PASS" start="2024-05-28T16:36:35.958408" elapsed="0.000000"/>
</kw>
<kw name="Is Sound Alarm On" owner="Test_seatbelt">
<msg time="2024-05-28T16:36:35.959417" level="INFO">${sound_on} = False</msg>
<var>${sound_on}</var>
<status status="PASS" start="2024-05-28T16:36:35.959417" elapsed="0.000000"/>
</kw>
<kw name="Set Variable" owner="BuiltIn">
<msg time="2024-05-28T16:36:35.960424" level="INFO">${light_off} = True == True</msg>
<var>${light_off}</var>
<arg>${light_green} == True</arg>
<doc>Returns the given values which can then be assigned to a variables.</doc>
<status status="PASS" start="2024-05-28T16:36:35.959417" elapsed="0.001007"/>
</kw>
<kw name="Set Variable" owner="BuiltIn">
<msg time="2024-05-28T16:36:35.960424" level="INFO">${sound_off} = False == False</msg>
<var>${sound_off}</var>
<arg>${sound_on} == False</arg>
<doc>Returns the given values which can then be assigned to a variables.</doc>
<status status="PASS" start="2024-05-28T16:36:35.960424" elapsed="0.001002"/>
</kw>
<kw name="Should Be True" owner="BuiltIn">
<arg>${light_off}</arg>
<arg>The warning light should be green when the belt is fastened.</arg>
<doc>Fails if the given condition is not true.</doc>
<status status="PASS" start="2024-05-28T16:36:35.961426" elapsed="0.000000"/>
</kw>
<kw name="Should Be True" owner="BuiltIn">
<arg>${sound_off}</arg>
<arg>The audible alarm must be deactivated when the belt is fastened.</arg>
<doc>Fails if the given condition is not true.</doc>
<status status="PASS" start="2024-05-28T16:36:35.961426" elapsed="0.000997"/>
</kw>
<doc>Check that light and sound alerts function correctly when the seatbelt is unfastened and fastened.</doc>
<status status="PASS" start="2024-05-28T16:36:35.923250" elapsed="0.039173"/>
</test>
<doc>Test the selected component</doc>
<status status="PASS" start="2024-05-28T16:36:35.712292" elapsed="0.252132"/>
</suite>
<statistics>
<total>
<stat pass="1" fail="0" skip="0">All Tests</stat>
</total>
<tag>
</tag>
<suite>
<stat pass="1" fail="0" skip="0" id="s1" name="Test">Test</stat>
</suite>
</statistics>
<errors>
</errors>
</robot>
